\BOOKMARK [0][-]{chapter.1}{\376\377\000N\000a\000m\000e\000s\000p\000a\000c\000e\000\040\000I\000n\000d\000e\000x}{}% 1
\BOOKMARK [1][-]{section.1.1}{\376\377\000P\000a\000c\000k\000a\000g\000e\000s}{chapter.1}% 2
\BOOKMARK [0][-]{chapter.2}{\376\377\000C\000l\000a\000s\000s\000\040\000I\000n\000d\000e\000x}{}% 3
\BOOKMARK [1][-]{section.2.1}{\376\377\000C\000l\000a\000s\000s\000\040\000H\000i\000e\000r\000a\000r\000c\000h\000y}{chapter.2}% 4
\BOOKMARK [0][-]{chapter.3}{\376\377\000C\000l\000a\000s\000s\000\040\000I\000n\000d\000e\000x}{}% 5
\BOOKMARK [1][-]{section.3.1}{\376\377\000C\000l\000a\000s\000s\000\040\000L\000i\000s\000t}{chapter.3}% 6
\BOOKMARK [0][-]{chapter.4}{\376\377\000F\000i\000l\000e\000\040\000I\000n\000d\000e\000x}{}% 7
\BOOKMARK [1][-]{section.4.1}{\376\377\000F\000i\000l\000e\000\040\000L\000i\000s\000t}{chapter.4}% 8
\BOOKMARK [0][-]{chapter.5}{\376\377\000N\000a\000m\000e\000s\000p\000a\000c\000e\000\040\000D\000o\000c\000u\000m\000e\000n\000t\000a\000t\000i\000o\000n}{}% 9
\BOOKMARK [1][-]{section.5.1}{\376\377\000p\000r\000o\000j\000e\000c\000t\000s\000\040\000N\000a\000m\000e\000s\000p\000a\000c\000e\000\040\000R\000e\000f\000e\000r\000e\000n\000c\000e}{chapter.5}% 10
\BOOKMARK [1][-]{section.5.2}{\376\377\000p\000r\000o\000j\000e\000c\000t\000s\000.\000p\000i\000w\000a\000v\000e\000l\000e\000t\000\040\000N\000a\000m\000e\000s\000p\000a\000c\000e\000\040\000R\000e\000f\000e\000r\000e\000n\000c\000e}{chapter.5}% 11
\BOOKMARK [1][-]{section.5.3}{\376\377\000p\000r\000o\000j\000e\000c\000t\000s\000.\000p\000i\000w\000a\000v\000e\000l\000e\000t\000.\000p\000i\000w\000a\000v\000e\000l\000e\000t\000\040\000N\000a\000m\000e\000s\000p\000a\000c\000e\000\040\000R\000e\000f\000e\000r\000e\000n\000c\000e}{chapter.5}% 12
\BOOKMARK [2][-]{subsection.5.3.1}{\376\377\000V\000a\000r\000i\000a\000b\000l\000e\000\040\000D\000o\000c\000u\000m\000e\000n\000t\000a\000t\000i\000o\000n}{section.5.3}% 13
\BOOKMARK [3][-]{subsubsection.5.3.1.1}{\376\377\000\137\000\137\000a\000l\000l\000\137\000\137}{subsection.5.3.1}% 14
\BOOKMARK [3][-]{subsubsection.5.3.1.2}{\376\377\000\137\000\137\000a\000u\000t\000h\000o\000r\000s}{subsection.5.3.1}% 15
\BOOKMARK [3][-]{subsubsection.5.3.1.3}{\376\377\000\137\000\137\000d\000a\000t\000a}{subsection.5.3.1}% 16
\BOOKMARK [3][-]{subsubsection.5.3.1.4}{\376\377\000\137\000\137\000e\000m\000a\000i\000l}{subsection.5.3.1}% 17
\BOOKMARK [3][-]{subsubsection.5.3.1.5}{\376\377\000\137\000\137\000n\000a\000m\000e}{subsection.5.3.1}% 18
\BOOKMARK [3][-]{subsubsection.5.3.1.6}{\376\377\000H\000O\000M\000E}{subsection.5.3.1}% 19
\BOOKMARK [3][-]{subsubsection.5.3.1.7}{\376\377\000l\000o\000c\000a\000l}{subsection.5.3.1}% 20
\BOOKMARK [1][-]{section.5.4}{\376\377\000p\000r\000o\000j\000e\000c\000t\000s\000.\000p\000i\000w\000a\000v\000e\000l\000e\000t\000.\000p\000i\000w\000a\000v\000e\000l\000e\000t\000.\000p\000i\000w\000a\000v\000e\000l\000e\000t\000\040\000N\000a\000m\000e\000s\000p\000a\000c\000e\000\040\000R\000e\000f\000e\000r\000e\000n\000c\000e}{chapter.5}% 21
\BOOKMARK [2][-]{subsection.5.4.1}{\376\377\000F\000u\000n\000c\000t\000i\000o\000n\000\040\000D\000o\000c\000u\000m\000e\000n\000t\000a\000t\000i\000o\000n}{section.5.4}% 22
\BOOKMARK [3][-]{subsubsection.5.4.1.1}{\376\377\000a\000r\0001}{subsection.5.4.1}% 23
\BOOKMARK [3][-]{subsubsection.5.4.1.2}{\376\377\000a\000r\0001\000\137\000s\000p\000e\000c\000t\000r\000u\000m}{subsection.5.4.1}% 24
\BOOKMARK [3][-]{subsubsection.5.4.1.3}{\376\377\000c\000w\000t}{subsection.5.4.1}% 25
\BOOKMARK [3][-]{subsubsection.5.4.1.4}{\376\377\000p\000l\000o\000t\000W\000a\000v\000e\000l\000e\000t}{subsection.5.4.1}% 26
\BOOKMARK [3][-]{subsubsection.5.4.1.5}{\376\377\000s\000i\000g\000n\000i\000f\000i\000c\000a\000n\000c\000e}{subsection.5.4.1}% 27
\BOOKMARK [2][-]{subsection.5.4.2}{\376\377\000V\000a\000r\000i\000a\000b\000l\000e\000\040\000D\000o\000c\000u\000m\000e\000n\000t\000a\000t\000i\000o\000n}{section.5.4}% 28
\BOOKMARK [3][-]{subsubsection.5.4.2.1}{\376\377\000\137\000\137\000a\000u\000t\000h\000o\000r\000s}{subsection.5.4.2}% 29
\BOOKMARK [3][-]{subsubsection.5.4.2.2}{\376\377\000\137\000\137\000d\000a\000t\000a}{subsection.5.4.2}% 30
\BOOKMARK [3][-]{subsubsection.5.4.2.3}{\376\377\000\137\000\137\000e\000m\000a\000i\000l}{subsection.5.4.2}% 31
\BOOKMARK [3][-]{subsubsection.5.4.2.4}{\376\377\000\137\000\137\000n\000a\000m\000e}{subsection.5.4.2}% 32
\BOOKMARK [0][-]{chapter.6}{\376\377\000C\000l\000a\000s\000s\000\040\000D\000o\000c\000u\000m\000e\000n\000t\000a\000t\000i\000o\000n}{}% 33
\BOOKMARK [1][-]{section.6.1}{\376\377\000p\000r\000o\000j\000e\000c\000t\000s\000.\000p\000i\000w\000a\000v\000e\000l\000e\000t\000.\000p\000i\000w\000a\000v\000e\000l\000e\000t\000.\000p\000i\000w\000a\000v\000e\000l\000e\000t\000.\000D\000O\000G\000\040\000C\000l\000a\000s\000s\000\040\000R\000e\000f\000e\000r\000e\000n\000c\000e}{chapter.6}% 34
\BOOKMARK [2][-]{subsection.6.1.1}{\376\377\000D\000e\000t\000a\000i\000l\000e\000d\000\040\000D\000e\000s\000c\000r\000i\000p\000t\000i\000o\000n}{section.6.1}% 35
\BOOKMARK [2][-]{subsection.6.1.2}{\376\377\000C\000o\000n\000s\000t\000r\000u\000c\000t\000o\000r\000\040\000\046\000\040\000D\000e\000s\000t\000r\000u\000c\000t\000o\000r\000\040\000D\000o\000c\000u\000m\000e\000n\000t\000a\000t\000i\000o\000n}{section.6.1}% 36
\BOOKMARK [3][-]{subsubsection.6.1.2.1}{\376\377\000\137\000\137\000i\000n\000i\000t\000\137\000\137}{subsection.6.1.2}% 37
\BOOKMARK [2][-]{subsection.6.1.3}{\376\377\000M\000e\000m\000b\000e\000r\000\040\000F\000u\000n\000c\000t\000i\000o\000n\000\040\000D\000o\000c\000u\000m\000e\000n\000t\000a\000t\000i\000o\000n}{section.6.1}% 38
\BOOKMARK [3][-]{subsubsection.6.1.3.1}{\376\377\000c\000o\000i}{subsection.6.1.3}% 39
\BOOKMARK [3][-]{subsubsection.6.1.3.2}{\376\377\000f\000l\000a\000m\000b\000d\000a}{subsection.6.1.3}% 40
\BOOKMARK [3][-]{subsubsection.6.1.3.3}{\376\377\000p\000s\000i}{subsection.6.1.3}% 41
\BOOKMARK [3][-]{subsubsection.6.1.3.4}{\376\377\000p\000s\000i\000\137\000f\000t}{subsection.6.1.3}% 42
\BOOKMARK [3][-]{subsubsection.6.1.3.5}{\376\377\000s\000u\000p}{subsection.6.1.3}% 43
\BOOKMARK [2][-]{subsection.6.1.4}{\376\377\000M\000e\000m\000b\000e\000r\000\040\000D\000a\000t\000a\000\040\000D\000o\000c\000u\000m\000e\000n\000t\000a\000t\000i\000o\000n}{section.6.1}% 44
\BOOKMARK [3][-]{subsubsection.6.1.4.1}{\376\377\000c\000d\000e\000l\000t\000a}{subsection.6.1.4}% 45
\BOOKMARK [3][-]{subsubsection.6.1.4.2}{\376\377\000d\000e\000l\000t\000a\000j\0000}{subsection.6.1.4}% 46
\BOOKMARK [3][-]{subsubsection.6.1.4.3}{\376\377\000d\000o\000f\000m\000i\000n}{subsection.6.1.4}% 47
\BOOKMARK [3][-]{subsubsection.6.1.4.4}{\376\377\000g\000a\000m\000m\000a}{subsection.6.1.4}% 48
\BOOKMARK [3][-]{subsubsection.6.1.4.5}{\376\377\000m}{subsection.6.1.4}% 49
\BOOKMARK [3][-]{subsubsection.6.1.4.6}{\376\377\000n\000a\000m\000e}{subsection.6.1.4}% 50
\BOOKMARK [1][-]{section.6.2}{\376\377\000p\000r\000o\000j\000e\000c\000t\000s\000.\000p\000i\000w\000a\000v\000e\000l\000e\000t\000.\000p\000i\000w\000a\000v\000e\000l\000e\000t\000.\000p\000i\000w\000a\000v\000e\000l\000e\000t\000.\000M\000e\000x\000i\000c\000a\000n\000\137\000h\000a\000t\000\040\000C\000l\000a\000s\000s\000\040\000R\000e\000f\000e\000r\000e\000n\000c\000e}{chapter.6}% 51
\BOOKMARK [2][-]{subsection.6.2.1}{\376\377\000D\000e\000t\000a\000i\000l\000e\000d\000\040\000D\000e\000s\000c\000r\000i\000p\000t\000i\000o\000n}{section.6.2}% 52
\BOOKMARK [2][-]{subsection.6.2.2}{\376\377\000C\000o\000n\000s\000t\000r\000u\000c\000t\000o\000r\000\040\000\046\000\040\000D\000e\000s\000t\000r\000u\000c\000t\000o\000r\000\040\000D\000o\000c\000u\000m\000e\000n\000t\000a\000t\000i\000o\000n}{section.6.2}% 53
\BOOKMARK [3][-]{subsubsection.6.2.2.1}{\376\377\000\137\000\137\000i\000n\000i\000t\000\137\000\137}{subsection.6.2.2}% 54
\BOOKMARK [2][-]{subsection.6.2.3}{\376\377\000M\000e\000m\000b\000e\000r\000\040\000D\000a\000t\000a\000\040\000D\000o\000c\000u\000m\000e\000n\000t\000a\000t\000i\000o\000n}{section.6.2}% 55
\BOOKMARK [3][-]{subsubsection.6.2.3.1}{\376\377\000n\000a\000m\000e}{subsection.6.2.3}% 56
\BOOKMARK [1][-]{section.6.3}{\376\377\000p\000r\000o\000j\000e\000c\000t\000s\000.\000p\000i\000w\000a\000v\000e\000l\000e\000t\000.\000p\000i\000w\000a\000v\000e\000l\000e\000t\000.\000p\000i\000w\000a\000v\000e\000l\000e\000t\000.\000M\000o\000r\000l\000e\000t\000\040\000C\000l\000a\000s\000s\000\040\000R\000e\000f\000e\000r\000e\000n\000c\000e}{chapter.6}% 57
\BOOKMARK [2][-]{subsection.6.3.1}{\376\377\000D\000e\000t\000a\000i\000l\000e\000d\000\040\000D\000e\000s\000c\000r\000i\000p\000t\000i\000o\000n}{section.6.3}% 58
\BOOKMARK [2][-]{subsection.6.3.2}{\376\377\000C\000o\000n\000s\000t\000r\000u\000c\000t\000o\000r\000\040\000\046\000\040\000D\000e\000s\000t\000r\000u\000c\000t\000o\000r\000\040\000D\000o\000c\000u\000m\000e\000n\000t\000a\000t\000i\000o\000n}{section.6.3}% 59
\BOOKMARK [3][-]{subsubsection.6.3.2.1}{\376\377\000\137\000\137\000i\000n\000i\000t\000\137\000\137}{subsection.6.3.2}% 60
\BOOKMARK [2][-]{subsection.6.3.3}{\376\377\000M\000e\000m\000b\000e\000r\000\040\000F\000u\000n\000c\000t\000i\000o\000n\000\040\000D\000o\000c\000u\000m\000e\000n\000t\000a\000t\000i\000o\000n}{section.6.3}% 61
\BOOKMARK [3][-]{subsubsection.6.3.3.1}{\376\377\000c\000o\000i}{subsection.6.3.3}% 62
\BOOKMARK [3][-]{subsubsection.6.3.3.2}{\376\377\000f\000l\000a\000m\000b\000d\000a}{subsection.6.3.3}% 63
\BOOKMARK [3][-]{subsubsection.6.3.3.3}{\376\377\000p\000s\000i}{subsection.6.3.3}% 64
\BOOKMARK [3][-]{subsubsection.6.3.3.4}{\376\377\000p\000s\000i\000\137\000f\000t}{subsection.6.3.3}% 65
\BOOKMARK [3][-]{subsubsection.6.3.3.5}{\376\377\000s\000u\000p}{subsection.6.3.3}% 66
\BOOKMARK [2][-]{subsection.6.3.4}{\376\377\000M\000e\000m\000b\000e\000r\000\040\000D\000a\000t\000a\000\040\000D\000o\000c\000u\000m\000e\000n\000t\000a\000t\000i\000o\000n}{section.6.3}% 67
\BOOKMARK [3][-]{subsubsection.6.3.4.1}{\376\377\000c\000d\000e\000l\000t\000a}{subsection.6.3.4}% 68
\BOOKMARK [3][-]{subsubsection.6.3.4.2}{\376\377\000d\000e\000l\000t\000a\000j\0000}{subsection.6.3.4}% 69
\BOOKMARK [3][-]{subsubsection.6.3.4.3}{\376\377\000d\000o\000f\000m\000i\000n}{subsection.6.3.4}% 70
\BOOKMARK [3][-]{subsubsection.6.3.4.4}{\376\377\000f\0000}{subsection.6.3.4}% 71
\BOOKMARK [3][-]{subsubsection.6.3.4.5}{\376\377\000g\000a\000m\000m\000a}{subsection.6.3.4}% 72
\BOOKMARK [3][-]{subsubsection.6.3.4.6}{\376\377\000n\000a\000m\000e}{subsection.6.3.4}% 73
\BOOKMARK [1][-]{section.6.4}{\376\377\000p\000r\000o\000j\000e\000c\000t\000s\000.\000p\000i\000w\000a\000v\000e\000l\000e\000t\000.\000p\000i\000w\000a\000v\000e\000l\000e\000t\000.\000p\000i\000w\000a\000v\000e\000l\000e\000t\000.\000P\000a\000u\000l\000\040\000C\000l\000a\000s\000s\000\040\000R\000e\000f\000e\000r\000e\000n\000c\000e}{chapter.6}% 74
\BOOKMARK [2][-]{subsection.6.4.1}{\376\377\000D\000e\000t\000a\000i\000l\000e\000d\000\040\000D\000e\000s\000c\000r\000i\000p\000t\000i\000o\000n}{section.6.4}% 75
\BOOKMARK [2][-]{subsection.6.4.2}{\376\377\000C\000o\000n\000s\000t\000r\000u\000c\000t\000o\000r\000\040\000\046\000\040\000D\000e\000s\000t\000r\000u\000c\000t\000o\000r\000\040\000D\000o\000c\000u\000m\000e\000n\000t\000a\000t\000i\000o\000n}{section.6.4}% 76
\BOOKMARK [3][-]{subsubsection.6.4.2.1}{\376\377\000\137\000\137\000i\000n\000i\000t\000\137\000\137}{subsection.6.4.2}% 77
\BOOKMARK [2][-]{subsection.6.4.3}{\376\377\000M\000e\000m\000b\000e\000r\000\040\000F\000u\000n\000c\000t\000i\000o\000n\000\040\000D\000o\000c\000u\000m\000e\000n\000t\000a\000t\000i\000o\000n}{section.6.4}% 78
\BOOKMARK [3][-]{subsubsection.6.4.3.1}{\376\377\000c\000o\000i}{subsection.6.4.3}% 79
\BOOKMARK [3][-]{subsubsection.6.4.3.2}{\376\377\000f\000l\000a\000m\000b\000d\000a}{subsection.6.4.3}% 80
\BOOKMARK [3][-]{subsubsection.6.4.3.3}{\376\377\000p\000s\000i}{subsection.6.4.3}% 81
\BOOKMARK [3][-]{subsubsection.6.4.3.4}{\376\377\000p\000s\000i\000\137\000f\000t}{subsection.6.4.3}% 82
\BOOKMARK [3][-]{subsubsection.6.4.3.5}{\376\377\000s\000u\000p}{subsection.6.4.3}% 83
\BOOKMARK [2][-]{subsection.6.4.4}{\376\377\000M\000e\000m\000b\000e\000r\000\040\000D\000a\000t\000a\000\040\000D\000o\000c\000u\000m\000e\000n\000t\000a\000t\000i\000o\000n}{section.6.4}% 84
\BOOKMARK [3][-]{subsubsection.6.4.4.1}{\376\377\000c\000d\000e\000l\000t\000a}{subsection.6.4.4}% 85
\BOOKMARK [3][-]{subsubsection.6.4.4.2}{\376\377\000d\000e\000l\000t\000a\000j\0000}{subsection.6.4.4}% 86
\BOOKMARK [3][-]{subsubsection.6.4.4.3}{\376\377\000d\000o\000f\000m\000i\000n}{subsection.6.4.4}% 87
\BOOKMARK [3][-]{subsubsection.6.4.4.4}{\376\377\000g\000a\000m\000m\000a}{subsection.6.4.4}% 88
\BOOKMARK [3][-]{subsubsection.6.4.4.5}{\376\377\000m}{subsection.6.4.4}% 89
\BOOKMARK [3][-]{subsubsection.6.4.4.6}{\376\377\000n\000a\000m\000e}{subsection.6.4.4}% 90
\BOOKMARK [1][-]{section.6.5}{\376\377\000p\000r\000o\000j\000e\000c\000t\000s\000.\000p\000i\000w\000a\000v\000e\000l\000e\000t\000.\000p\000i\000w\000a\000v\000e\000l\000e\000t\000.\000p\000i\000w\000a\000v\000e\000l\000e\000t\000.\000s\000m\000o\000o\000t\000h\000\040\000C\000l\000a\000s\000s\000\040\000R\000e\000f\000e\000r\000e\000n\000c\000e}{chapter.6}% 91
\BOOKMARK [2][-]{subsection.6.5.1}{\376\377\000D\000e\000t\000a\000i\000l\000e\000d\000\040\000D\000e\000s\000c\000r\000i\000p\000t\000i\000o\000n}{section.6.5}% 92
\BOOKMARK [2][-]{subsection.6.5.2}{\376\377\000C\000o\000n\000s\000t\000r\000u\000c\000t\000o\000r\000\040\000\046\000\040\000D\000e\000s\000t\000r\000u\000c\000t\000o\000r\000\040\000D\000o\000c\000u\000m\000e\000n\000t\000a\000t\000i\000o\000n}{section.6.5}% 93
\BOOKMARK [3][-]{subsubsection.6.5.2.1}{\376\377\000\137\000\137\000i\000n\000i\000t\000\137\000\137}{subsection.6.5.2}% 94
\BOOKMARK [2][-]{subsection.6.5.3}{\376\377\000M\000e\000m\000b\000e\000r\000\040\000F\000u\000n\000c\000t\000i\000o\000n\000\040\000D\000o\000c\000u\000m\000e\000n\000t\000a\000t\000i\000o\000n}{section.6.5}% 95
\BOOKMARK [3][-]{subsubsection.6.5.3.1}{\376\377\000\137\000\137\000c\000a\000l\000l\000\137\000\137}{subsection.6.5.3}% 96
\BOOKMARK [2][-]{subsection.6.5.4}{\376\377\000M\000e\000m\000b\000e\000r\000\040\000D\000a\000t\000a\000\040\000D\000o\000c\000u\000m\000e\000n\000t\000a\000t\000i\000o\000n}{section.6.5}% 97
\BOOKMARK [3][-]{subsubsection.6.5.4.1}{\376\377\000s\000c\000a\000l\000e}{subsection.6.5.4}% 98
\BOOKMARK [3][-]{subsubsection.6.5.4.2}{\376\377\000w\000t\000c\000P\000a\000t\000h}{subsection.6.5.4}% 99
\BOOKMARK [1][-]{section.6.6}{\376\377\000p\000r\000o\000j\000e\000c\000t\000s\000.\000p\000i\000w\000a\000v\000e\000l\000e\000t\000.\000p\000i\000w\000a\000v\000e\000l\000e\000t\000.\000p\000i\000w\000a\000v\000e\000l\000e\000t\000.\000w\000a\000v\000e\000l\000e\000t\000C\000C\000\040\000C\000l\000a\000s\000s\000\040\000R\000e\000f\000e\000r\000e\000n\000c\000e}{chapter.6}% 100
\BOOKMARK [2][-]{subsection.6.6.1}{\376\377\000D\000e\000t\000a\000i\000l\000e\000d\000\040\000D\000e\000s\000c\000r\000i\000p\000t\000i\000o\000n}{section.6.6}% 101
\BOOKMARK [2][-]{subsection.6.6.2}{\376\377\000C\000o\000n\000s\000t\000r\000u\000c\000t\000o\000r\000\040\000\046\000\040\000D\000e\000s\000t\000r\000u\000c\000t\000o\000r\000\040\000D\000o\000c\000u\000m\000e\000n\000t\000a\000t\000i\000o\000n}{section.6.6}% 102
\BOOKMARK [3][-]{subsubsection.6.6.2.1}{\376\377\000\137\000\137\000i\000n\000i\000t\000\137\000\137}{subsection.6.6.2}% 103
\BOOKMARK [2][-]{subsection.6.6.3}{\376\377\000M\000e\000m\000b\000e\000r\000\040\000F\000u\000n\000c\000t\000i\000o\000n\000\040\000D\000o\000c\000u\000m\000e\000n\000t\000a\000t\000i\000o\000n}{section.6.6}% 104
\BOOKMARK [3][-]{subsubsection.6.6.3.1}{\376\377\000c\000w\000t}{subsection.6.6.3}% 105
\BOOKMARK [3][-]{subsubsection.6.6.3.2}{\376\377\000p\000l\000o\000t\000W\000a\000v\000e\000l\000e\000t}{subsection.6.6.3}% 106
\BOOKMARK [3][-]{subsubsection.6.6.3.3}{\376\377\000s\000i\000g\000n\000i\000f\000i\000c\000a\000n\000c\000e}{subsection.6.6.3}% 107
\BOOKMARK [1][-]{section.6.7}{\376\377\000p\000r\000o\000j\000e\000c\000t\000s\000.\000p\000i\000w\000a\000v\000e\000l\000e\000t\000.\000p\000i\000w\000a\000v\000e\000l\000e\000t\000.\000p\000i\000w\000a\000v\000e\000l\000e\000t\000.\000w\000c\000o\000h\000e\000r\000e\000n\000c\000e\000\040\000C\000l\000a\000s\000s\000\040\000R\000e\000f\000e\000r\000e\000n\000c\000e}{chapter.6}% 108
\BOOKMARK [2][-]{subsection.6.7.1}{\376\377\000D\000e\000t\000a\000i\000l\000e\000d\000\040\000D\000e\000s\000c\000r\000i\000p\000t\000i\000o\000n}{section.6.7}% 109
\BOOKMARK [2][-]{subsection.6.7.2}{\376\377\000C\000o\000n\000s\000t\000r\000u\000c\000t\000o\000r\000\040\000\046\000\040\000D\000e\000s\000t\000r\000u\000c\000t\000o\000r\000\040\000D\000o\000c\000u\000m\000e\000n\000t\000a\000t\000i\000o\000n}{section.6.7}% 110
\BOOKMARK [3][-]{subsubsection.6.7.2.1}{\376\377\000\137\000\137\000i\000n\000i\000t\000\137\000\137}{subsection.6.7.2}% 111
\BOOKMARK [2][-]{subsection.6.7.3}{\376\377\000M\000e\000m\000b\000e\000r\000\040\000F\000u\000n\000c\000t\000i\000o\000n\000\040\000D\000o\000c\000u\000m\000e\000n\000t\000a\000t\000i\000o\000n}{section.6.7}% 112
\BOOKMARK [3][-]{subsubsection.6.7.3.1}{\376\377\000\137\000\137\000c\000a\000l\000l\000\137\000\137}{subsection.6.7.3}% 113
\BOOKMARK [3][-]{subsubsection.6.7.3.2}{\376\377\000p\000l\000o\000t}{subsection.6.7.3}% 114
\BOOKMARK [2][-]{subsection.6.7.4}{\376\377\000M\000e\000m\000b\000e\000r\000\040\000D\000a\000t\000a\000\040\000D\000o\000c\000u\000m\000e\000n\000t\000a\000t\000i\000o\000n}{section.6.7}% 115
\BOOKMARK [3][-]{subsubsection.6.7.4.1}{\376\377\000f\000r\000e\000q\000s}{subsection.6.7.4}% 116
\BOOKMARK [3][-]{subsubsection.6.7.4.2}{\376\377\000s\000i\000g\000n\000a\000l\0001}{subsection.6.7.4}% 117
\BOOKMARK [3][-]{subsubsection.6.7.4.3}{\376\377\000s\000i\000g\000n\000a\000l\0002}{subsection.6.7.4}% 118
\BOOKMARK [3][-]{subsubsection.6.7.4.4}{\376\377\000w\000t\000c\000P\000a\000t\000h}{subsection.6.7.4}% 119
\BOOKMARK [3][-]{subsubsection.6.7.4.5}{\376\377\000w\000t\000c\000s\000i\000g}{subsection.6.7.4}% 120
\BOOKMARK [1][-]{section.6.8}{\376\377\000p\000r\000o\000j\000e\000c\000t\000s\000.\000p\000i\000w\000a\000v\000e\000l\000e\000t\000.\000p\000i\000w\000a\000v\000e\000l\000e\000t\000.\000p\000i\000w\000a\000v\000e\000l\000e\000t\000.\000w\000c\000r\000o\000s\000s\000\040\000C\000l\000a\000s\000s\000\040\000R\000e\000f\000e\000r\000e\000n\000c\000e}{chapter.6}% 121
\BOOKMARK [2][-]{subsection.6.8.1}{\376\377\000D\000e\000t\000a\000i\000l\000e\000d\000\040\000D\000e\000s\000c\000r\000i\000p\000t\000i\000o\000n}{section.6.8}% 122
\BOOKMARK [2][-]{subsection.6.8.2}{\376\377\000C\000o\000n\000s\000t\000r\000u\000c\000t\000o\000r\000\040\000\046\000\040\000D\000e\000s\000t\000r\000u\000c\000t\000o\000r\000\040\000D\000o\000c\000u\000m\000e\000n\000t\000a\000t\000i\000o\000n}{section.6.8}% 123
\BOOKMARK [3][-]{subsubsection.6.8.2.1}{\376\377\000\137\000\137\000i\000n\000i\000t\000\137\000\137}{subsection.6.8.2}% 124
\BOOKMARK [2][-]{subsection.6.8.3}{\376\377\000M\000e\000m\000b\000e\000r\000\040\000F\000u\000n\000c\000t\000i\000o\000n\000\040\000D\000o\000c\000u\000m\000e\000n\000t\000a\000t\000i\000o\000n}{section.6.8}% 125
\BOOKMARK [3][-]{subsubsection.6.8.3.1}{\376\377\000\137\000\137\000c\000a\000l\000l\000\137\000\137}{subsection.6.8.3}% 126
\BOOKMARK [3][-]{subsubsection.6.8.3.2}{\376\377\000p\000l\000o\000t}{subsection.6.8.3}% 127
\BOOKMARK [2][-]{subsection.6.8.4}{\376\377\000M\000e\000m\000b\000e\000r\000\040\000D\000a\000t\000a\000\040\000D\000o\000c\000u\000m\000e\000n\000t\000a\000t\000i\000o\000n}{section.6.8}% 128
\BOOKMARK [3][-]{subsubsection.6.8.4.1}{\376\377\000f\000r\000e\000q\000s}{subsection.6.8.4}% 129
\BOOKMARK [3][-]{subsubsection.6.8.4.2}{\376\377\000s\000i\000g\000n\000a\000l\0001}{subsection.6.8.4}% 130
\BOOKMARK [3][-]{subsubsection.6.8.4.3}{\376\377\000s\000i\000g\000n\000a\000l\0002}{subsection.6.8.4}% 131
\BOOKMARK [3][-]{subsubsection.6.8.4.4}{\376\377\000s\000i\000g\000n\000i\000f}{subsection.6.8.4}% 132
\BOOKMARK [3][-]{subsubsection.6.8.4.5}{\376\377\000w\000t\000c\000P\000a\000t\000h}{subsection.6.8.4}% 133
\BOOKMARK [0][-]{chapter.7}{\376\377\000F\000i\000l\000e\000\040\000D\000o\000c\000u\000m\000e\000n\000t\000a\000t\000i\000o\000n}{}% 134
\BOOKMARK [1][-]{section.7.1}{\376\377\000p\000i\000w\000a\000v\000e\000l\000e\000t\000/\000\137\000\137\000i\000n\000i\000t\000\137\000\137\000.\000p\000y\000\040\000F\000i\000l\000e\000\040\000R\000e\000f\000e\000r\000e\000n\000c\000e}{chapter.7}% 135
\BOOKMARK [1][-]{section.7.2}{\376\377\000p\000i\000w\000a\000v\000e\000l\000e\000t\000/\000p\000i\000w\000a\000v\000e\000l\000e\000t\000.\000p\000y\000\040\000F\000i\000l\000e\000\040\000R\000e\000f\000e\000r\000e\000n\000c\000e}{chapter.7}% 136
